  [1m[35m (1220.7ms)[0m  [1m[35mCREATE DATABASE "daisywheel_api_development" ENCODING = 'unicode'[0m
  [1m[35m (811.2ms)[0m  [1m[35mCREATE DATABASE "daisywheel_api_test" ENCODING = 'unicode'[0m
  [1m[35m (293.8ms)[0m  [1m[35mCREATE TABLE "schema_migrations" ("version" character varying NOT NULL PRIMARY KEY)[0m
  [1m[35m (150.3ms)[0m  [1m[35mCREATE TABLE "ar_internal_metadata" ("key" character varying NOT NULL PRIMARY KEY, "value" character varying, "created_at" timestamp(6) NOT NULL, "updated_at" timestamp(6) NOT NULL)[0m
  [1m[35m (0.8ms)[0m  [1m[34mSELECT pg_try_advisory_lock(5747818275467606310)[0m
  [1m[35m (0.6ms)[0m  [1m[34mSELECT "schema_migrations"."version" FROM "schema_migrations" ORDER BY "schema_migrations"."version" ASC[0m
Migrating to CreateMagazines (20200113164916)
  [1m[35m (1.2ms)[0m  [1m[35mBEGIN[0m
  [1m[35m (139.8ms)[0m  [1m[35mCREATE TABLE "magazines" ("id" bigserial primary key, "title" character varying, "description" character varying, "header_image" character varying, "color_1" character varying, "color_2" character varying, "color_3" character varying, "color_4" character varying, "font_1" character varying, "font_2" character varying, "created_at" timestamp(6) NOT NULL, "updated_at" timestamp(6) NOT NULL)[0m
  [1m[36mprimary::SchemaMigration Create (21.9ms)[0m  [1m[32mINSERT INTO "schema_migrations" ("version") VALUES ($1) RETURNING "version"[0m  [["version", "20200113164916"]]
  [1m[35m (14.5ms)[0m  [1m[35mCOMMIT[0m
Migrating to CreateArticles (20200113165209)
  [1m[35m (1.2ms)[0m  [1m[35mBEGIN[0m
  [1m[35m (87.4ms)[0m  [1m[35mCREATE TABLE "articles" ("id" bigserial primary key, "title" character varying, "dek" character varying, "content" character varying, "image" character varying, "caption" character varying, "credit" character varying, "url" character varying, "published" boolean, "static" boolean, "created_at" timestamp(6) NOT NULL, "updated_at" timestamp(6) NOT NULL)[0m
  [1m[36mprimary::SchemaMigration Create (0.8ms)[0m  [1m[32mINSERT INTO "schema_migrations" ("version") VALUES ($1) RETURNING "version"[0m  [["version", "20200113165209"]]
  [1m[35m (16.1ms)[0m  [1m[35mCOMMIT[0m
Migrating to CreateSections (20200113165627)
  [1m[35m (0.3ms)[0m  [1m[35mBEGIN[0m
  [1m[35m (73.5ms)[0m  [1m[35mCREATE TABLE "sections" ("id" bigserial primary key, "title" character varying, "short_title" character varying, "created_at" timestamp(6) NOT NULL, "updated_at" timestamp(6) NOT NULL)[0m
  [1m[36mprimary::SchemaMigration Create (0.4ms)[0m  [1m[32mINSERT INTO "schema_migrations" ("version") VALUES ($1) RETURNING "version"[0m  [["version", "20200113165627"]]
  [1m[35m (16.4ms)[0m  [1m[35mCOMMIT[0m
Migrating to CreateAuthors (20200113165847)
  [1m[35m (0.2ms)[0m  [1m[35mBEGIN[0m
  [1m[35m (74.4ms)[0m  [1m[35mCREATE TABLE "authors" ("id" bigserial primary key, "name" character varying, "bio" character varying, "twitter" character varying, "created_at" timestamp(6) NOT NULL, "updated_at" timestamp(6) NOT NULL)[0m
  [1m[36mprimary::SchemaMigration Create (0.4ms)[0m  [1m[32mINSERT INTO "schema_migrations" ("version") VALUES ($1) RETURNING "version"[0m  [["version", "20200113165847"]]
  [1m[35m (16.8ms)[0m  [1m[35mCOMMIT[0m
  [1m[36mActiveRecord::InternalMetadata Load (1.2ms)[0m  [1m[34mSELECT "ar_internal_metadata".* FROM "ar_internal_metadata" WHERE "ar_internal_metadata"."key" = $1 LIMIT $2[0m  [["key", "environment"], ["LIMIT", 1]]
  [1m[35m (0.5ms)[0m  [1m[35mBEGIN[0m
  [1m[36mActiveRecord::InternalMetadata Create (1.2ms)[0m  [1m[32mINSERT INTO "ar_internal_metadata" ("key", "value", "created_at", "updated_at") VALUES ($1, $2, $3, $4) RETURNING "key"[0m  [["key", "environment"], ["value", "development"], ["created_at", "2020-01-13 17:00:26.289969"], ["updated_at", "2020-01-13 17:00:26.289969"]]
  [1m[35m (9.5ms)[0m  [1m[35mCOMMIT[0m
  [1m[35m (0.3ms)[0m  [1m[34mSELECT pg_advisory_unlock(5747818275467606310)[0m
  [1m[35m (2.6ms)[0m  [1m[34mSELECT "schema_migrations"."version" FROM "schema_migrations" ORDER BY "schema_migrations"."version" ASC[0m
  [1m[35m (0.3ms)[0m  [1m[34mSELECT pg_try_advisory_lock(5747818275467606310)[0m
  [1m[35m (0.6ms)[0m  [1m[34mSELECT "schema_migrations"."version" FROM "schema_migrations" ORDER BY "schema_migrations"."version" ASC[0m
Migrating to AddSectionIdAndAuthorIdToArticle (20200113174024)
  [1m[35m (1.3ms)[0m  [1m[35mBEGIN[0m
  [1m[35m (0.5ms)[0m  [1m[35mALTER TABLE "articles" ADD "section_id" bigint[0m
  [1m[35m (77.5ms)[0m  [1m[35mCREATE  INDEX  "index_articles_on_section_id" ON "articles"  ("section_id")[0m
  [1m[35m (55.6ms)[0m  [1m[35mALTER TABLE "articles" ADD CONSTRAINT "fk_rails_582ee7da77"
FOREIGN KEY ("section_id")
  REFERENCES "sections" ("id")
[0m
  [1m[35m (0.4ms)[0m  [1m[35mALTER TABLE "articles" ADD "author_id" bigint[0m
  [1m[35m (37.8ms)[0m  [1m[35mCREATE  INDEX  "index_articles_on_author_id" ON "articles"  ("author_id")[0m
  [1m[35m (1.0ms)[0m  [1m[35mALTER TABLE "articles" ADD CONSTRAINT "fk_rails_e74ce85cbc"
FOREIGN KEY ("author_id")
  REFERENCES "authors" ("id")
[0m
  [1m[36mprimary::SchemaMigration Create (0.3ms)[0m  [1m[32mINSERT INTO "schema_migrations" ("version") VALUES ($1) RETURNING "version"[0m  [["version", "20200113174024"]]
  [1m[35m (21.1ms)[0m  [1m[35mCOMMIT[0m
  [1m[36mActiveRecord::InternalMetadata Load (0.4ms)[0m  [1m[34mSELECT "ar_internal_metadata".* FROM "ar_internal_metadata" WHERE "ar_internal_metadata"."key" = $1 LIMIT $2[0m  [["key", "environment"], ["LIMIT", 1]]
  [1m[35m (0.8ms)[0m  [1m[34mSELECT pg_advisory_unlock(5747818275467606310)[0m
  [1m[35m (0.8ms)[0m  [1m[34mSELECT "schema_migrations"."version" FROM "schema_migrations" ORDER BY "schema_migrations"."version" ASC[0m
  [1m[35m (0.2ms)[0m  [1m[35mBEGIN[0m
  [1m[36mAuthor Create (2.5ms)[0m  [1m[32mINSERT INTO "authors" ("name", "bio", "twitter", "created_at", "updated_at") VALUES ($1, $2, $3, $4, $5) RETURNING "id"[0m  [["name", "Jeremy Rose"], ["bio", "He's the best writer ever."], ["twitter", "https://twitter.com/jeremyrrose"], ["created_at", "2020-01-13 17:50:28.187087"], ["updated_at", "2020-01-13 17:50:28.187087"]]
  [1m[35m (25.5ms)[0m  [1m[35mCOMMIT[0m
  [1m[35m (2.3ms)[0m  [1m[35mBEGIN[0m
  [1m[36mAuthor Load (0.4ms)[0m  [1m[34mSELECT "authors".* FROM "authors" WHERE "authors"."id" = $1 LIMIT $2[0m  [["id", 1], ["LIMIT", 1]]
  [1m[35m (1.2ms)[0m  [1m[31mROLLBACK[0m
  [1m[36mArticle Load (0.5ms)[0m  [1m[34mSELECT "articles".* FROM "articles" WHERE "articles"."id" = $1 LIMIT $2[0m  [["id", 1], ["LIMIT", 1]]
  [1m[36mArticle Load (0.5ms)[0m  [1m[34mSELECT "articles".* FROM "articles"[0m
  [1m[35m (0.2ms)[0m  [1m[35mBEGIN[0m
  [1m[36mAuthor Load (0.4ms)[0m  [1m[34mSELECT "authors".* FROM "authors" WHERE "authors"."id" = $1 LIMIT $2[0m  [["id", 1], ["LIMIT", 1]]
  [1m[36mSection Load (0.6ms)[0m  [1m[34mSELECT "sections".* FROM "sections" WHERE "sections"."id" = $1 LIMIT $2[0m  [["id", 1], ["LIMIT", 1]]
  [1m[35m (0.2ms)[0m  [1m[31mROLLBACK[0m
  [1m[35m (0.3ms)[0m  [1m[35mBEGIN[0m
  [1m[36mSection Create (0.8ms)[0m  [1m[32mINSERT INTO "sections" ("title", "created_at", "updated_at") VALUES ($1, $2, $3) RETURNING "id"[0m  [["title", "Random Stories"], ["created_at", "2020-01-13 17:57:54.503280"], ["updated_at", "2020-01-13 17:57:54.503280"]]
  [1m[35m (21.0ms)[0m  [1m[35mCOMMIT[0m
  [1m[35m (0.2ms)[0m  [1m[35mBEGIN[0m
  [1m[36mAuthor Load (0.3ms)[0m  [1m[34mSELECT "authors".* FROM "authors" WHERE "authors"."id" = $1 LIMIT $2[0m  [["id", 1], ["LIMIT", 1]]
  [1m[36mSection Load (0.2ms)[0m  [1m[34mSELECT "sections".* FROM "sections" WHERE "sections"."id" = $1 LIMIT $2[0m  [["id", 1], ["LIMIT", 1]]
  [1m[36mArticle Create (1.1ms)[0m  [1m[32mINSERT INTO "articles" ("title", "dek", "content", "url", "static", "created_at", "updated_at", "section_id", "author_id") VALUES ($1, $2, $3, $4, $5, $6, $7, $8, $9) RETURNING "id"[0m  [["title", "This is an article"], ["dek", "The first of many"], ["content", "This is a paragraph made of sentences. Together, they constitute the introduction to an article. We'll have to add more later."], ["url", "first-article"], ["static", false], ["created_at", "2020-01-13 17:58:08.693511"], ["updated_at", "2020-01-13 17:58:08.693511"], ["section_id", 1], ["author_id", 1]]
  [1m[35m (13.1ms)[0m  [1m[35mCOMMIT[0m
  [1m[36mArticle Load (0.8ms)[0m  [1m[34mSELECT "articles".* FROM "articles"[0m
  [1m[36mArticle Load (0.5ms)[0m  [1m[34mSELECT "articles".* FROM "articles" WHERE "articles"."id" = $1 LIMIT $2[0m  [["id", 1], ["LIMIT", 1]]
  [1m[36mAuthor Load (0.3ms)[0m  [1m[34mSELECT "authors".* FROM "authors" WHERE "authors"."id" = $1 LIMIT $2[0m  [["id", 1], ["LIMIT", 1]]
  [1m[36mArticle Load (0.4ms)[0m  [1m[34mSELECT "articles".* FROM "articles" WHERE "articles"."id" = $1 LIMIT $2[0m  [["id", 1], ["LIMIT", 1]]
  [1m[36mSection Load (0.3ms)[0m  [1m[34mSELECT "sections".* FROM "sections" WHERE "sections"."id" = $1 LIMIT $2[0m  [["id", 1], ["LIMIT", 1]]
  [1m[36mArticle Load (0.6ms)[0m  [1m[34mSELECT "articles".* FROM "articles" WHERE "articles"."id" = $1 LIMIT $2[0m  [["id", 1], ["LIMIT", 1]]
  [1m[36mSection Load (0.4ms)[0m  [1m[34mSELECT "sections".* FROM "sections" WHERE "sections"."id" = $1 LIMIT $2[0m  [["id", 1], ["LIMIT", 1]]
  [1m[35m (0.2ms)[0m  [1m[34mSELECT pg_try_advisory_lock(5747818275467606310)[0m
  [1m[35m (0.6ms)[0m  [1m[34mSELECT "schema_migrations"."version" FROM "schema_migrations" ORDER BY "schema_migrations"."version" ASC[0m
Migrating to AddDefaultsToArticleAttributes (20200113180518)
  [1m[35m (0.2ms)[0m  [1m[35mBEGIN[0m
  [1m[35m (0.9ms)[0m  [1m[35mALTER TABLE "articles" ALTER COLUMN "static" SET DEFAULT FALSE[0m
  [1m[35m (0.4ms)[0m  [1m[35mALTER TABLE "articles" ALTER COLUMN "published" SET DEFAULT FALSE[0m
  [1m[36mprimary::SchemaMigration Create (0.7ms)[0m  [1m[32mINSERT INTO "schema_migrations" ("version") VALUES ($1) RETURNING "version"[0m  [["version", "20200113180518"]]
  [1m[35m (19.8ms)[0m  [1m[35mCOMMIT[0m
  [1m[36mActiveRecord::InternalMetadata Load (0.3ms)[0m  [1m[34mSELECT "ar_internal_metadata".* FROM "ar_internal_metadata" WHERE "ar_internal_metadata"."key" = $1 LIMIT $2[0m  [["key", "environment"], ["LIMIT", 1]]
  [1m[35m (0.3ms)[0m  [1m[34mSELECT pg_advisory_unlock(5747818275467606310)[0m
  [1m[35m (0.7ms)[0m  [1m[34mSELECT "schema_migrations"."version" FROM "schema_migrations" ORDER BY "schema_migrations"."version" ASC[0m
